
Flow ID 4442
Inserted - Post 4442 - cartflows_flow - Flow Copy
Flow ID 4443
Inserted - Post 4443 - cartflows_step - Checkout Page
Flow ID 4444
Inserted - Post 4444 - cartflows_step - Thank You Page
Importing from XML https://websitedemos.net/wp-content/uploads/astra-sites/150/wxr.xml
{"post_title":"wxr.xml","guid":"http:\/\/localhost\/walidwordpress\/wp-content\/uploads\/2022\/11\/wxr.xml","post_mime_type":"text\/xml"}
{"success":true,"data":{"file":"C:\\wamp64\\www\\walidwordpress\/wp-content\/uploads\/2022\/11\/wxr.xml","url":"http:\/\/localhost\/walidwordpress\/wp-content\/uploads\/2022\/11\/wxr.xml","type":"text\/xml"}}
4445
Inserted - Post 4446 - attachment - men-fashion-free-img
Inserted - Post 4447 - attachment - women-fashion-free-img
Inserted - Post 4448 - attachment - footwear-free-img
Inserted - Post 4449 - attachment - playstore-free-img
Inserted - Post 4450 - attachment - globe-free-img
Inserted - Post 4451 - attachment - lock-free-img
Inserted - Post 4452 - attachment - quality-free-img
Inserted - Post 4453 - attachment - tag-free-img
Inserted - Post 4454 - attachment - team1-free-img
Inserted - Post 4455 - attachment - team2-free-img
Inserted - Post 4456 - attachment - team3-free-img
Inserted - Post 4457 - attachment - team4free-img
Inserted - Post 4458 - attachment - team5-free-img
Inserted - Post 4459 - attachment - team6-free-img
Inserted - Post 4460 - attachment - slide-image-free-img
Inserted - Post 4461 - attachment - logo@2x-free-img
Inserted - Post 4462 - attachment - logo1@2x-free-img
Inserted - Post 4463 - attachment - logo1-free-img
Inserted - Post 4464 - attachment - favicon-free-img
Inserted - Post 4465 - attachment - woocommerce-placeholder
Inserted - Post 4466 - attachment - banner-03